<?xml version="1.0" encoding="utf-8"?><testsuites name="pytest tests"><testsuite name="pytest" errors="0" failures="0" skipped="0" tests="53" time="9.390" timestamp="2026-09-18T15:59:40.450062-07:00" hostname="Srinidhis-MacBook-Air.local"><testcase classname="tests.test_checkpoint_bundle" name="test_roundtrip_preserves_all_models_and_only_run_files" time="0.006" /><testcase classname="tests.test_checkpoint_bundle" name="test_empty_and_symlink_runs_are_rejected" time="0.002" /><testcase classname="tests.test_checkpoint_bundle" name="test_modified_content_is_detected_even_when_size_and_mtime_preserved" time="0.004" /><testcase classname="tests.test_checkpoint_bundle" name="test_changed_run_is_not_published[size]" time="0.004" /><testcase classname="tests.test_checkpoint_bundle" name="test_changed_run_is_not_published[mtime]" time="0.003" /><testcase classname="tests.test_checkpoint_bundle" name="test_changed_run_is_not_published[inventory]" time="0.003" /><testcase classname="tests.test_checkpoint_bundle" name="test_tampered_zip_and_unsafe_path_are_rejected" time="0.004" /><testcase classname="tests.test_common" name="test_nested_json_overrides_preserve_types" time="0.000" /><testcase classname="tests.test_common" name="test_reject_descent_through_scalar" time="0.000" /><testcase classname="tests.test_cyclegan" name="test_shapes_and_patch_receptive_field" time="0.004" /><testcase classname="tests.test_cyclegan" name="test_cycle_and_identity_direction_wiring" time="0.000" /><testcase classname="tests.test_cyclegan" name="test_identity_weight_is_absolute_five" time="0.000" /><testcase classname="tests.test_cyclegan" name="test_replay_detaches_and_roundtrips" time="0.000" /><testcase classname="tests.test_cyclegan" name="test_resume_restores_only_available_cuda_rng_devices[2-1]" time="0.009" /><testcase classname="tests.test_cyclegan" name="test_resume_restores_only_available_cuda_rng_devices[1-2]" time="0.001" /><testcase classname="tests.test_cyclegan" name="test_full_cannot_use_synthetic_and_partial_paths_fail" time="0.000" /><testcase classname="tests.test_cyclegan" name="test_real_manifests_use_domain_relative_paths_and_reject_content_leakage" time="0.007" /><testcase classname="tests.test_cyclegan" name="test_resume_matches_uninterrupted_all_networks_optimizers_and_pools" time="0.521" /><testcase classname="tests.test_cyclegan" name="test_resume_into_fresh_directory_preserves_prior_best_without_improvement" time="0.088" /><testcase classname="tests.test_cyclegan" name="test_resume_rejects_inconsistent_best_checkpoint[future]" time="0.063" /><testcase classname="tests.test_cyclegan" name="test_resume_rejects_inconsistent_best_checkpoint[recipe]" time="0.057" /><testcase classname="tests.test_cyclegan" name="test_resume_rejects_inconsistent_best_checkpoint[data]" time="0.058" /><testcase classname="tests.test_cyclegan" name="test_resume_rejects_inconsistent_best_checkpoint[stale]" time="0.058" /><testcase classname="tests.test_cyclegan" name="test_resume_rejects_inconsistent_best_checkpoint[missing]" time="0.049" /><testcase classname="tests.test_cyclegan" name="test_resume_rejects_inconsistent_best_checkpoint[destination]" time="0.055" /><testcase classname="tests.test_cyclegan" name="test_smoke_evaluation_marks_optional_quality_metrics_unavailable" time="0.037" /><testcase classname="tests.test_cyclegan" name="test_human_agreement_requires_ratings_and_known_perfect_case" time="0.002" /><testcase classname="tests.test_evaluate_local" name="test_report_preserves_missing_values_and_protects_existing_results" time="0.001" /><testcase classname="tests.test_gpt" name="test_causal_attention_cannot_see_future" time="0.003" /><testcase classname="tests.test_gpt" name="test_shifted_targets_and_full_story_coverage" time="0.000" /><testcase classname="tests.test_gpt" name="test_train_only_vocabulary_and_unknown_count" time="0.000" /><testcase classname="tests.test_gpt" name="test_loader_epoch_visits_all_windows_once" time="0.001" /><testcase classname="tests.test_gpt" name="test_checkpoint_reload_and_interrupted_resume_exact[2]" time="0.641" /><testcase classname="tests.test_gpt" name="test_checkpoint_reload_and_interrupted_resume_exact[6]" time="0.481" /><testcase classname="tests.test_gpt" name="test_full_mode_rejects_reduced_data" time="0.001" /><testcase classname="tests.test_gpt" name="test_diversity_handles_short_text_without_fake_scores" time="0.000" /><testcase classname="tests.test_gpt" name="test_offline_cache_is_hash_verified_without_download" time="0.002" /><testcase classname="tests.test_gpt" name="test_cpu_checkpoint_can_resume_with_a_new_fp16_scaler" time="0.000" /><testcase classname="tests.test_gpt" name="test_resume_allows_machine_local_settings_but_rejects_training_changes" time="0.417" /><testcase classname="tests.test_image_manifests" name="test_manifest_helper_matches_training_loader_and_detects_duplicates" time="0.011" /><testcase classname="tests.test_sentiment" name="test_preprocessing_preserves_negation_and_training_only_vocabulary" time="0.001" /><testcase classname="tests.test_sentiment" name="test_padding_does_not_change_logits[maxpool_mlp]" time="0.001" /><testcase classname="tests.test_sentiment" name="test_padding_does_not_change_logits[bilstm]" time="0.002" /><testcase classname="tests.test_sentiment" name="test_padding_does_not_change_logits[dilated_cnn]" time="0.003" /><testcase classname="tests.test_sentiment" name="test_official_model_shapes_and_independent_embeddings" time="0.003" /><testcase classname="tests.test_sentiment" name="test_metrics_probabilities_confusion_and_pairing" time="0.752" /><testcase classname="tests.test_sentiment" name="test_split_overlap_is_rejected" time="0.000" /><testcase classname="tests.test_sentiment" name="test_empty_reviews_get_unknown_token" time="0.001" /><testcase classname="tests.test_sentiment" name="test_synthetic_suite_checkpoint_reload_and_resume" time="1.298" /><testcase classname="tests.test_sentiment" name="test_empty_scaler_and_fewer_cuda_devices_can_resume" time="0.000" /><testcase classname="tests.test_sentiment" name="test_interrupted_training_is_exact_and_portable[first_batch]" time="1.443" /><testcase classname="tests.test_sentiment" name="test_interrupted_training_is_exact_and_portable[before_validation]" time="1.414" /><testcase classname="tests.test_sentiment" name="test_interrupted_training_is_exact_and_portable[legacy_epoch]" time="1.341" /></testsuite></testsuites>