<?xml version="1.0" encoding="utf-8"?><testsuites name="pytest tests"><testsuite name="pytest" errors="0" failures="0" skipped="0" tests="11" time="16.615" timestamp="2026-09-18T16:45:53.498647-07:00" hostname="Srinidhis-MacBook-Air.local"><testcase classname="tests.test_gpt" name="test_causal_attention_cannot_see_future" time="0.044" /><testcase classname="tests.test_gpt" name="test_shifted_targets_and_full_story_coverage" time="0.005" /><testcase classname="tests.test_gpt" name="test_train_only_vocabulary_and_unknown_count" time="0.001" /><testcase classname="tests.test_gpt" name="test_loader_epoch_visits_all_windows_once" time="0.003" /><testcase classname="tests.test_gpt" name="test_checkpoint_reload_and_interrupted_resume_exact[2]" time="6.705" /><testcase classname="tests.test_gpt" name="test_checkpoint_reload_and_interrupted_resume_exact[6]" time="2.816" /><testcase classname="tests.test_gpt" name="test_full_mode_rejects_reduced_data" time="0.004" /><testcase classname="tests.test_gpt" name="test_diversity_handles_short_text_without_fake_scores" time="0.002" /><testcase classname="tests.test_gpt" name="test_offline_cache_is_hash_verified_without_download" time="0.006" /><testcase classname="tests.test_gpt" name="test_cpu_checkpoint_can_resume_with_a_new_fp16_scaler" time="0.001" /><testcase classname="tests.test_gpt" name="test_resume_allows_machine_local_settings_but_rejects_training_changes" time="3.276" /></testsuite></testsuites>