<?xml version="1.0" encoding="utf-8"?><testsuites name="pytest tests"><testsuite name="pytest" errors="0" failures="0" skipped="0" tests="71" time="11.224" timestamp="2026-09-18T18:57:49.128037-07:00" hostname="Srinidhis-MacBook-Air.local"><testcase classname="tests.test_checkpoint_bundle" name="test_roundtrip_preserves_all_models_and_only_run_files" time="0.006" /><testcase classname="tests.test_checkpoint_bundle" name="test_empty_and_symlink_runs_are_rejected" time="0.002" /><testcase classname="tests.test_checkpoint_bundle" name="test_modified_content_is_detected_even_when_size_and_mtime_preserved" time="0.004" /><testcase classname="tests.test_checkpoint_bundle" name="test_changed_run_is_not_published[size]" time="0.003" /><testcase classname="tests.test_checkpoint_bundle" name="test_changed_run_is_not_published[mtime]" time="0.004" /><testcase classname="tests.test_checkpoint_bundle" name="test_changed_run_is_not_published[inventory]" time="0.004" /><testcase classname="tests.test_checkpoint_bundle" name="test_tampered_zip_and_unsafe_path_are_rejected" time="0.004" /><testcase classname="tests.test_common" name="test_nested_json_overrides_preserve_types" time="0.000" /><testcase classname="tests.test_common" name="test_reject_descent_through_scalar" time="0.000" /><testcase classname="tests.test_cyclegan" name="test_shapes_and_patch_receptive_field" time="0.011" /><testcase classname="tests.test_cyclegan" name="test_cycle_and_identity_direction_wiring" time="0.001" /><testcase classname="tests.test_cyclegan" name="test_identity_weight_is_absolute_five" time="0.002" /><testcase classname="tests.test_cyclegan" name="test_replay_detaches_and_roundtrips" time="0.001" /><testcase classname="tests.test_cyclegan" name="test_resume_restores_only_available_cuda_rng_devices[2-1]" time="0.001" /><testcase classname="tests.test_cyclegan" name="test_resume_restores_only_available_cuda_rng_devices[1-2]" time="0.000" /><testcase classname="tests.test_cyclegan" name="test_full_cannot_use_synthetic_and_partial_paths_fail" time="0.001" /><testcase classname="tests.test_cyclegan" name="test_real_manifests_use_domain_relative_paths_and_reject_content_leakage" time="0.006" /><testcase classname="tests.test_cyclegan" name="test_resume_matches_uninterrupted_all_networks_optimizers_and_pools" time="0.548" /><testcase classname="tests.test_cyclegan" name="test_resume_into_fresh_directory_preserves_prior_best_without_improvement" time="0.085" /><testcase classname="tests.test_cyclegan" name="test_resume_rejects_inconsistent_best_checkpoint[future]" time="0.059" /><testcase classname="tests.test_cyclegan" name="test_resume_rejects_inconsistent_best_checkpoint[recipe]" time="0.058" /><testcase classname="tests.test_cyclegan" name="test_resume_rejects_inconsistent_best_checkpoint[data]" time="0.060" /><testcase classname="tests.test_cyclegan" name="test_resume_rejects_inconsistent_best_checkpoint[stale]" time="0.061" /><testcase classname="tests.test_cyclegan" name="test_resume_rejects_inconsistent_best_checkpoint[missing]" time="0.051" /><testcase classname="tests.test_cyclegan" name="test_resume_rejects_inconsistent_best_checkpoint[destination]" time="0.054" /><testcase classname="tests.test_cyclegan" name="test_smoke_evaluation_marks_optional_quality_metrics_unavailable" time="0.037" /><testcase classname="tests.test_cyclegan" name="test_human_agreement_requires_ratings_and_known_perfect_case" time="0.001" /><testcase classname="tests.test_evaluate_local" name="test_report_preserves_missing_values_and_protects_existing_results" time="0.001" /><testcase classname="tests.test_gpt" name="test_causal_attention_cannot_see_future" time="0.007" /><testcase classname="tests.test_gpt" name="test_shifted_targets_and_full_story_coverage" time="0.001" /><testcase classname="tests.test_gpt" name="test_train_only_vocabulary_and_unknown_count" time="0.000" /><testcase classname="tests.test_gpt" name="test_loader_epoch_visits_all_windows_once" time="0.001" /><testcase classname="tests.test_gpt" name="test_checkpoint_reload_and_interrupted_resume_exact[2]" time="0.675" /><testcase classname="tests.test_gpt" name="test_checkpoint_reload_and_interrupted_resume_exact[6]" time="0.425" /><testcase classname="tests.test_gpt" name="test_full_mode_rejects_reduced_data" time="0.001" /><testcase classname="tests.test_gpt" name="test_diversity_handles_short_text_without_fake_scores" time="0.000" /><testcase classname="tests.test_gpt" name="test_offline_cache_is_hash_verified_without_download" time="0.001" /><testcase classname="tests.test_gpt" name="test_cpu_checkpoint_can_resume_with_a_new_fp16_scaler" time="0.000" /><testcase classname="tests.test_gpt" name="test_resume_allows_machine_local_settings_but_rejects_training_changes" time="0.414" /><testcase classname="tests.test_image_manifests" name="test_manifest_helper_matches_training_loader_and_detects_duplicates" time="0.011" /><testcase classname="tests.test_publish_sentiment_results" name="test_selects_five_distinct_errors_in_each_required_group" time="0.009" /><testcase classname="tests.test_publish_sentiment_results" name="test_does_not_invent_missing_required_errors" time="0.004" /><testcase classname="tests.test_publish_sentiment_results" name="test_republish_retains_real_annotations_and_archives_original" time="0.013" /><testcase classname="tests.test_publish_sentiment_results" name="test_changed_checkpoint_does_not_inherit_human_review" time="0.009" /><testcase classname="tests.test_publish_sentiment_results" name="test_uses_selected_model_config_and_training_hardware" time="0.001" /><testcase classname="tests.test_publish_sentiment_results" name="test_reproduction_uses_preserved_candidate_and_explains_finalizer" time="0.001" /><testcase classname="tests.test_sentiment" name="test_preprocessing_preserves_negation_and_training_only_vocabulary" time="0.001" /><testcase classname="tests.test_sentiment" name="test_padding_does_not_change_logits[maxpool_mlp]" time="0.002" /><testcase classname="tests.test_sentiment" name="test_padding_does_not_change_logits[bilstm]" time="0.002" /><testcase classname="tests.test_sentiment" name="test_padding_does_not_change_logits[dilated_cnn]" time="0.003" /><testcase classname="tests.test_sentiment" name="test_official_model_shapes_and_independent_embeddings" time="0.003" /><testcase classname="tests.test_sentiment" name="test_metrics_probabilities_confusion_and_pairing" time="0.799" /><testcase classname="tests.test_sentiment" name="test_split_overlap_is_rejected" time="0.000" /><testcase classname="tests.test_sentiment" name="test_empty_reviews_get_unknown_token" time="0.001" /><testcase classname="tests.test_sentiment" name="test_preencoded_cache_matches_raw_and_rejects_stale_data" time="0.007" /><testcase classname="tests.test_sentiment" name="test_cpu_lengths_preserve_lstm_outputs_and_gradients" time="0.003" /><testcase classname="tests.test_sentiment" name="test_validation_only_candidate_cannot_access_test_split" time="0.011" /><testcase classname="tests.test_sentiment" name="test_synthetic_suite_checkpoint_reload_and_resume" time="1.254" /><testcase classname="tests.test_sentiment" name="test_empty_scaler_and_fewer_cuda_devices_can_resume" time="0.001" /><testcase classname="tests.test_sentiment" name="test_interrupted_training_is_exact_and_portable[first_batch]" time="1.411" /><testcase classname="tests.test_sentiment" name="test_interrupted_training_is_exact_and_portable[before_validation]" time="1.402" /><testcase classname="tests.test_sentiment" name="test_interrupted_training_is_exact_and_portable[legacy_epoch]" time="1.317" /><testcase classname="tests.test_sentiment_finalization" name="test_selected_checkpoint_evaluation_matches_original_exports" time="0.242" /><testcase classname="tests.test_sentiment_finalization" name="test_finalizer_preserves_sources_and_pairs_predictions" time="0.669" /><testcase classname="tests.test_sentiment_finalization" name="test_any_invalid_selected_source_blocks_all_test_inference[sha256-0000000000000000000000000000000000000000000000000000000000000000-SHA256]" time="0.007" /><testcase classname="tests.test_sentiment_finalization" name="test_any_invalid_selected_source_blocks_all_test_inference[selected_epoch-9-score/epoch]" time="0.009" /><testcase classname="tests.test_sentiment_finalization" name="test_any_invalid_selected_source_blocks_all_test_inference[validation_macro_f1-0.123-score/epoch]" time="0.010" /><testcase classname="tests.test_sentiment_finalization" name="test_any_invalid_selected_source_blocks_all_test_inference[provenance-value3-provenance]" time="0.008" /><testcase classname="tests.test_sentiment_finalization" name="test_changed_preprocessing_is_rejected_before_inference" time="0.002" /><testcase classname="tests.test_sentiment_finalization" name="test_original_suite_source_metadata_is_supported" time="0.609" /><testcase classname="tests.test_sentiment_finalization" name="test_model_seed_changes_initialization_without_changing_split" time="0.020" /></testsuite></testsuites>