<?xml version="1.0" encoding="utf-8"?><testsuites name="pytest tests"><testsuite name="pytest" errors="0" failures="0" skipped="0" tests="32" time="5.162" timestamp="2026-09-18T15:44:17.328831-07:00" hostname="Srinidhis-MacBook-Air.local"><testcase classname="tests.test_common" name="test_nested_json_overrides_preserve_types" time="0.000" /><testcase classname="tests.test_common" name="test_reject_descent_through_scalar" time="0.000" /><testcase classname="tests.test_cyclegan" name="test_shapes_and_patch_receptive_field" time="0.023" /><testcase classname="tests.test_cyclegan" name="test_cycle_and_identity_direction_wiring" time="0.002" /><testcase classname="tests.test_cyclegan" name="test_identity_weight_is_absolute_five" time="0.002" /><testcase classname="tests.test_cyclegan" name="test_replay_detaches_and_roundtrips" time="0.002" /><testcase classname="tests.test_cyclegan" name="test_full_cannot_use_synthetic_and_partial_paths_fail" time="0.001" /><testcase classname="tests.test_cyclegan" name="test_real_manifests_use_domain_relative_paths_and_reject_content_leakage" time="0.007" /><testcase classname="tests.test_cyclegan" name="test_resume_matches_uninterrupted_all_networks_optimizers_and_pools" time="0.705" /><testcase classname="tests.test_cyclegan" name="test_smoke_evaluation_marks_optional_quality_metrics_unavailable" time="0.038" /><testcase classname="tests.test_cyclegan" name="test_human_agreement_requires_ratings_and_known_perfect_case" time="0.002" /><testcase classname="tests.test_evaluate_local" name="test_report_preserves_missing_values_and_protects_existing_results" time="0.001" /><testcase classname="tests.test_gpt" name="test_causal_attention_cannot_see_future" time="0.008" /><testcase classname="tests.test_gpt" name="test_shifted_targets_and_full_story_coverage" time="0.002" /><testcase classname="tests.test_gpt" name="test_train_only_vocabulary_and_unknown_count" time="0.000" /><testcase classname="tests.test_gpt" name="test_loader_epoch_visits_all_windows_once" time="0.001" /><testcase classname="tests.test_gpt" name="test_checkpoint_reload_and_interrupted_resume_exact[2]" time="0.704" /><testcase classname="tests.test_gpt" name="test_checkpoint_reload_and_interrupted_resume_exact[6]" time="0.482" /><testcase classname="tests.test_gpt" name="test_full_mode_rejects_reduced_data" time="0.001" /><testcase classname="tests.test_gpt" name="test_diversity_handles_short_text_without_fake_scores" time="0.000" /><testcase classname="tests.test_gpt" name="test_offline_cache_is_hash_verified_without_download" time="0.001" /><testcase classname="tests.test_gpt" name="test_cpu_checkpoint_can_resume_with_a_new_fp16_scaler" time="0.000" /><testcase classname="tests.test_image_manifests" name="test_manifest_helper_matches_training_loader_and_detects_duplicates" time="0.012" /><testcase classname="tests.test_sentiment" name="test_preprocessing_preserves_negation_and_training_only_vocabulary" time="0.000" /><testcase classname="tests.test_sentiment" name="test_padding_does_not_change_logits[maxpool_mlp]" time="0.002" /><testcase classname="tests.test_sentiment" name="test_padding_does_not_change_logits[bilstm]" time="0.003" /><testcase classname="tests.test_sentiment" name="test_padding_does_not_change_logits[dilated_cnn]" time="0.003" /><testcase classname="tests.test_sentiment" name="test_official_model_shapes_and_independent_embeddings" time="0.003" /><testcase classname="tests.test_sentiment" name="test_metrics_probabilities_confusion_and_pairing" time="1.111" /><testcase classname="tests.test_sentiment" name="test_split_overlap_is_rejected" time="0.000" /><testcase classname="tests.test_sentiment" name="test_empty_reviews_get_unknown_token" time="0.001" /><testcase classname="tests.test_sentiment" name="test_synthetic_suite_checkpoint_reload_and_resume" time="1.278" /></testsuite></testsuites>