<?xml version="1.0" encoding="utf-8"?><testsuites name="pytest tests"><testsuite name="pytest" errors="0" failures="0" skipped="0" tests="15" time="8.139" timestamp="2026-09-18T18:29:02.584968-07:00" hostname="Srinidhis-MacBook-Air.local"><testcase classname="tests.test_sentiment" name="test_preprocessing_preserves_negation_and_training_only_vocabulary" time="0.001" /><testcase classname="tests.test_sentiment" name="test_padding_does_not_change_logits[maxpool_mlp]" time="0.030" /><testcase classname="tests.test_sentiment" name="test_padding_does_not_change_logits[bilstm]" time="0.010" /><testcase classname="tests.test_sentiment" name="test_padding_does_not_change_logits[dilated_cnn]" time="0.006" /><testcase classname="tests.test_sentiment" name="test_official_model_shapes_and_independent_embeddings" time="0.003" /><testcase classname="tests.test_sentiment" name="test_metrics_probabilities_confusion_and_pairing" time="1.404" /><testcase classname="tests.test_sentiment" name="test_split_overlap_is_rejected" time="0.000" /><testcase classname="tests.test_sentiment" name="test_empty_reviews_get_unknown_token" time="0.001" /><testcase classname="tests.test_sentiment" name="test_preencoded_cache_matches_raw_and_rejects_stale_data" time="0.008" /><testcase classname="tests.test_sentiment" name="test_cpu_lengths_preserve_lstm_outputs_and_gradients" time="0.029" /><testcase classname="tests.test_sentiment" name="test_synthetic_suite_checkpoint_reload_and_resume" time="2.106" /><testcase classname="tests.test_sentiment" name="test_empty_scaler_and_fewer_cuda_devices_can_resume" time="0.000" /><testcase classname="tests.test_sentiment" name="test_interrupted_training_is_exact_and_portable[first_batch]" time="1.269" /><testcase classname="tests.test_sentiment" name="test_interrupted_training_is_exact_and_portable[before_validation]" time="1.323" /><testcase classname="tests.test_sentiment" name="test_interrupted_training_is_exact_and_portable[legacy_epoch]" time="1.327" /></testsuite></testsuites>