<?xml version="1.0" encoding="utf-8"?><testsuites name="pytest tests"><testsuite name="pytest" errors="0" failures="0" skipped="0" tests="16" time="8.887" timestamp="2026-09-18T18:46:28.113183-07:00" hostname="Srinidhis-MacBook-Air.local"><testcase classname="tests.test_sentiment" name="test_preprocessing_preserves_negation_and_training_only_vocabulary" time="0.001" /><testcase classname="tests.test_sentiment" name="test_padding_does_not_change_logits[maxpool_mlp]" time="0.028" /><testcase classname="tests.test_sentiment" name="test_padding_does_not_change_logits[bilstm]" time="0.012" /><testcase classname="tests.test_sentiment" name="test_padding_does_not_change_logits[dilated_cnn]" time="0.006" /><testcase classname="tests.test_sentiment" name="test_official_model_shapes_and_independent_embeddings" time="0.004" /><testcase classname="tests.test_sentiment" name="test_metrics_probabilities_confusion_and_pairing" time="1.188" /><testcase classname="tests.test_sentiment" name="test_split_overlap_is_rejected" time="0.000" /><testcase classname="tests.test_sentiment" name="test_empty_reviews_get_unknown_token" time="0.001" /><testcase classname="tests.test_sentiment" name="test_preencoded_cache_matches_raw_and_rejects_stale_data" time="0.009" /><testcase classname="tests.test_sentiment" name="test_cpu_lengths_preserve_lstm_outputs_and_gradients" time="0.031" /><testcase classname="tests.test_sentiment" name="test_validation_only_candidate_cannot_access_test_split" time="0.603" /><testcase classname="tests.test_sentiment" name="test_synthetic_suite_checkpoint_reload_and_resume" time="1.643" /><testcase classname="tests.test_sentiment" name="test_empty_scaler_and_fewer_cuda_devices_can_resume" time="0.001" /><testcase classname="tests.test_sentiment" name="test_interrupted_training_is_exact_and_portable[first_batch]" time="1.475" /><testcase classname="tests.test_sentiment" name="test_interrupted_training_is_exact_and_portable[before_validation]" time="1.351" /><testcase classname="tests.test_sentiment" name="test_interrupted_training_is_exact_and_portable[legacy_epoch]" time="1.468" /></testsuite></testsuites>